[0.907s] Invoking command in '/home/x-optimus/robot_ws/build/m_pubsub': PYTHONPATH=/home/x-optimus/robot_ws/build/m_pubsub/prefix_override:/home/x-optimus/robot_ws/install/m_pubsub/lib/python3.8/site-packages:${PYTHONPATH} /usr/bin/python3 setup.py develop --editable --build-directory /home/x-optimus/robot_ws/build/m_pubsub/build --no-deps install_data
[1.210s] running develop
[1.387s] running egg_info
[1.387s] creating m_pubsub.egg-info
[1.387s] writing m_pubsub.egg-info/PKG-INFO
[1.387s] writing dependency_links to m_pubsub.egg-info/dependency_links.txt
[1.388s] writing entry points to m_pubsub.egg-info/entry_points.txt
[1.388s] writing requirements to m_pubsub.egg-info/requires.txt
[1.388s] writing top-level names to m_pubsub.egg-info/top_level.txt
[1.391s] writing manifest file 'm_pubsub.egg-info/SOURCES.txt'
[1.430s] reading manifest file 'm_pubsub.egg-info/SOURCES.txt'
[1.430s] writing manifest file 'm_pubsub.egg-info/SOURCES.txt'
[1.473s] running build_ext
[1.475s] Creating /home/x-optimus/robot_ws/install/m_pubsub/lib/python3.8/site-packages/site.py
[1.477s] Creating /home/x-optimus/robot_ws/install/m_pubsub/lib/python3.8/site-packages/m-pubsub.egg-link (link to .)
[1.478s] Installing mp script to /home/x-optimus/robot_ws/install/m_pubsub/lib/m_pubsub
[1.478s] Installing ms script to /home/x-optimus/robot_ws/install/m_pubsub/lib/m_pubsub
[1.479s] 
[1.479s] Installed /home/x-optimus/robot_ws/build/m_pubsub
[1.479s] running install_data
[1.480s] creating /home/x-optimus/robot_ws/install/m_pubsub/share/ament_index
[1.480s] creating /home/x-optimus/robot_ws/install/m_pubsub/share/ament_index/resource_index
[1.480s] creating /home/x-optimus/robot_ws/install/m_pubsub/share/ament_index/resource_index/packages
[1.480s] copying resource/m_pubsub -> /home/x-optimus/robot_ws/install/m_pubsub/share/ament_index/resource_index/packages
[1.480s] copying package.xml -> /home/x-optimus/robot_ws/install/m_pubsub/share/m_pubsub
[1.509s] Invoked command in '/home/x-optimus/robot_ws/build/m_pubsub' returned '0': PYTHONPATH=/home/x-optimus/robot_ws/build/m_pubsub/prefix_override:/home/x-optimus/robot_ws/install/m_pubsub/lib/python3.8/site-packages:${PYTHONPATH} /usr/bin/python3 setup.py develop --editable --build-directory /home/x-optimus/robot_ws/build/m_pubsub/build --no-deps install_data
