[0.283s] DEBUG:colcon:Command line arguments: ['/usr/bin/colcon', 'build', '--symlink-install']
[0.283s] DEBUG:colcon:Parsed command line arguments: Namespace(allow_overriding=[], ament_cmake_args=None, base_paths=['.'], build_base='build', catkin_cmake_args=None, catkin_skip_building_tests=False, cmake_args=None, cmake_clean_cache=False, cmake_clean_first=False, cmake_force_configure=False, cmake_target=None, cmake_target_skip_unavailable=False, continue_on_error=False, event_handlers=None, executor='parallel', ignore_user_meta=False, install_base='install', log_base=None, log_level=None, main=<bound method BuildVerb.main of <colcon_core.verb.build.BuildVerb object at 0x7f76397f3550>>, merge_install=False, metas=['./colcon.meta'], packages_above=None, packages_above_and_dependencies=None, packages_above_depth=None, packages_end=None, packages_ignore=None, packages_ignore_regex=None, packages_select=None, packages_select_build_failed=False, packages_select_by_dep=None, packages_select_regex=None, packages_select_test_failures=False, packages_skip=None, packages_skip_build_finished=False, packages_skip_by_dep=None, packages_skip_regex=None, packages_skip_test_passed=False, packages_skip_up_to=None, packages_start=None, packages_up_to=None, packages_up_to_regex=None, parallel_workers=2, paths=None, symlink_install=True, test_result_base=None, verb_extension=<colcon_core.verb.build.BuildVerb object at 0x7f76397f3550>, verb_name='build', verb_parser=<colcon_defaults.argument_parser.defaults.DefaultArgumentsDecorator object at 0x7f76397f3a90>)
[0.332s] Level 1:colcon.colcon_core.package_discovery:discover_packages(colcon_meta) check parameters
[0.332s] Level 1:colcon.colcon_core.package_discovery:discover_packages(recursive) check parameters
[0.332s] Level 1:colcon.colcon_core.package_discovery:discover_packages(ignore) check parameters
[0.332s] Level 1:colcon.colcon_core.package_discovery:discover_packages(path) check parameters
[0.333s] Level 1:colcon.colcon_core.package_discovery:discover_packages(colcon_meta) discover
[0.333s] Level 1:colcon.colcon_core.package_discovery:discover_packages(recursive) discover
[0.333s] INFO:colcon.colcon_core.package_discovery:Crawling recursively for packages in '/home/x-optimus/robot_ws'
[0.333s] Level 1:colcon.colcon_core.package_identification:_identify(.) by extensions ['ignore', 'ignore_ament_install']
[0.333s] Level 1:colcon.colcon_core.package_identification:_identify(.) by extension 'ignore'
[0.333s] Level 1:colcon.colcon_core.package_identification:_identify(.) by extension 'ignore_ament_install'
[0.334s] Level 1:colcon.colcon_core.package_identification:_identify(.) by extensions ['colcon_pkg']
[0.334s] Level 1:colcon.colcon_core.package_identification:_identify(.) by extension 'colcon_pkg'
[0.334s] Level 1:colcon.colcon_core.package_identification:_identify(.) by extensions ['colcon_meta']
[0.334s] Level 1:colcon.colcon_core.package_identification:_identify(.) by extension 'colcon_meta'
[0.334s] Level 1:colcon.colcon_core.package_identification:_identify(.) by extensions ['ros']
[0.334s] Level 1:colcon.colcon_core.package_identification:_identify(.) by extension 'ros'
[0.357s] Level 1:colcon.colcon_core.package_identification:_identify(.) by extensions ['cmake', 'python']
[0.357s] Level 1:colcon.colcon_core.package_identification:_identify(.) by extension 'cmake'
[0.357s] Level 1:colcon.colcon_core.package_identification:_identify(.) by extension 'python'
[0.357s] Level 1:colcon.colcon_core.package_identification:_identify(.) by extensions ['python_setup_py']
[0.357s] Level 1:colcon.colcon_core.package_identification:_identify(.) by extension 'python_setup_py'
[0.357s] Level 1:colcon.colcon_core.package_identification:_identify(build) by extensions ['ignore', 'ignore_ament_install']
[0.358s] Level 1:colcon.colcon_core.package_identification:_identify(build) by extension 'ignore'
[0.358s] Level 1:colcon.colcon_core.package_identification:_identify(build) ignored
[0.358s] Level 1:colcon.colcon_core.package_identification:_identify(install) by extensions ['ignore', 'ignore_ament_install']
[0.358s] Level 1:colcon.colcon_core.package_identification:_identify(install) by extension 'ignore'
[0.358s] Level 1:colcon.colcon_core.package_identification:_identify(install) ignored
[0.359s] Level 1:colcon.colcon_core.package_identification:_identify(log) by extensions ['ignore', 'ignore_ament_install']
[0.359s] Level 1:colcon.colcon_core.package_identification:_identify(log) by extension 'ignore'
[0.360s] Level 1:colcon.colcon_core.package_identification:_identify(log) ignored
[0.360s] Level 1:colcon.colcon_core.package_identification:_identify(src) by extensions ['ignore', 'ignore_ament_install']
[0.360s] Level 1:colcon.colcon_core.package_identification:_identify(src) by extension 'ignore'
[0.360s] Level 1:colcon.colcon_core.package_identification:_identify(src) by extension 'ignore_ament_install'
[0.360s] Level 1:colcon.colcon_core.package_identification:_identify(src) by extensions ['colcon_pkg']
[0.360s] Level 1:colcon.colcon_core.package_identification:_identify(src) by extension 'colcon_pkg'
[0.360s] Level 1:colcon.colcon_core.package_identification:_identify(src) by extensions ['colcon_meta']
[0.361s] Level 1:colcon.colcon_core.package_identification:_identify(src) by extension 'colcon_meta'
[0.361s] Level 1:colcon.colcon_core.package_identification:_identify(src) by extensions ['ros']
[0.361s] Level 1:colcon.colcon_core.package_identification:_identify(src) by extension 'ros'
[0.361s] Level 1:colcon.colcon_core.package_identification:_identify(src) by extensions ['cmake', 'python']
[0.361s] Level 1:colcon.colcon_core.package_identification:_identify(src) by extension 'cmake'
[0.361s] Level 1:colcon.colcon_core.package_identification:_identify(src) by extension 'python'
[0.361s] Level 1:colcon.colcon_core.package_identification:_identify(src) by extensions ['python_setup_py']
[0.361s] Level 1:colcon.colcon_core.package_identification:_identify(src) by extension 'python_setup_py'
[0.361s] Level 1:colcon.colcon_core.package_identification:_identify(src/m_pubsub) by extensions ['ignore', 'ignore_ament_install']
[0.362s] Level 1:colcon.colcon_core.package_identification:_identify(src/m_pubsub) by extension 'ignore'
[0.362s] Level 1:colcon.colcon_core.package_identification:_identify(src/m_pubsub) by extension 'ignore_ament_install'
[0.362s] Level 1:colcon.colcon_core.package_identification:_identify(src/m_pubsub) by extensions ['colcon_pkg']
[0.362s] Level 1:colcon.colcon_core.package_identification:_identify(src/m_pubsub) by extension 'colcon_pkg'
[0.362s] Level 1:colcon.colcon_core.package_identification:_identify(src/m_pubsub) by extensions ['colcon_meta']
[0.362s] Level 1:colcon.colcon_core.package_identification:_identify(src/m_pubsub) by extension 'colcon_meta'
[0.362s] Level 1:colcon.colcon_core.package_identification:_identify(src/m_pubsub) by extensions ['ros']
[0.363s] Level 1:colcon.colcon_core.package_identification:_identify(src/m_pubsub) by extension 'ros'
[0.367s] DEBUG:colcon.colcon_core.package_identification:Package 'src/m_pubsub' with type 'ros.ament_python' and name 'm_pubsub'
[0.367s] Level 1:colcon.colcon_core.package_identification:_identify(src/message_time) by extensions ['ignore', 'ignore_ament_install']
[0.367s] Level 1:colcon.colcon_core.package_identification:_identify(src/message_time) by extension 'ignore'
[0.367s] Level 1:colcon.colcon_core.package_identification:_identify(src/message_time) by extension 'ignore_ament_install'
[0.367s] Level 1:colcon.colcon_core.package_identification:_identify(src/message_time) by extensions ['colcon_pkg']
[0.367s] Level 1:colcon.colcon_core.package_identification:_identify(src/message_time) by extension 'colcon_pkg'
[0.367s] Level 1:colcon.colcon_core.package_identification:_identify(src/message_time) by extensions ['colcon_meta']
[0.367s] Level 1:colcon.colcon_core.package_identification:_identify(src/message_time) by extension 'colcon_meta'
[0.368s] Level 1:colcon.colcon_core.package_identification:_identify(src/message_time) by extensions ['ros']
[0.368s] Level 1:colcon.colcon_core.package_identification:_identify(src/message_time) by extension 'ros'
[0.368s] DEBUG:colcon.colcon_core.package_identification:Package 'src/message_time' with type 'ros.ament_python' and name 'message_time'
[0.368s] Level 1:colcon.colcon_core.package_discovery:discover_packages(recursive) using defaults
[0.368s] Level 1:colcon.colcon_core.package_discovery:discover_packages(ignore) discover
[0.368s] Level 1:colcon.colcon_core.package_discovery:discover_packages(ignore) using defaults
[0.369s] Level 1:colcon.colcon_core.package_discovery:discover_packages(path) discover
[0.369s] Level 1:colcon.colcon_core.package_discovery:discover_packages(path) using defaults
[0.406s] Level 1:colcon.colcon_core.package_discovery:discover_packages(prefix_path) check parameters
[0.406s] Level 1:colcon.colcon_core.package_discovery:discover_packages(prefix_path) discover
[0.412s] DEBUG:colcon.colcon_installed_package_information.package_discovery:Found 1 installed packages in /home/x-optimus/robot_ws/install
[0.415s] DEBUG:colcon.colcon_installed_package_information.package_discovery:Found 258 installed packages in /opt/ros/foxy
[0.417s] Level 1:colcon.colcon_core.package_discovery:discover_packages(prefix_path) using defaults
[0.530s] Level 5:colcon.colcon_core.verb:set package 'm_pubsub' build argument 'cmake_args' from command line to 'None'
[0.531s] Level 5:colcon.colcon_core.verb:set package 'm_pubsub' build argument 'cmake_target' from command line to 'None'
[0.531s] Level 5:colcon.colcon_core.verb:set package 'm_pubsub' build argument 'cmake_target_skip_unavailable' from command line to 'False'
[0.531s] Level 5:colcon.colcon_core.verb:set package 'm_pubsub' build argument 'cmake_clean_cache' from command line to 'False'
[0.531s] Level 5:colcon.colcon_core.verb:set package 'm_pubsub' build argument 'cmake_clean_first' from command line to 'False'
[0.531s] Level 5:colcon.colcon_core.verb:set package 'm_pubsub' build argument 'cmake_force_configure' from command line to 'False'
[0.531s] Level 5:colcon.colcon_core.verb:set package 'm_pubsub' build argument 'ament_cmake_args' from command line to 'None'
[0.531s] Level 5:colcon.colcon_core.verb:set package 'm_pubsub' build argument 'catkin_cmake_args' from command line to 'None'
[0.531s] Level 5:colcon.colcon_core.verb:set package 'm_pubsub' build argument 'catkin_skip_building_tests' from command line to 'False'
[0.531s] DEBUG:colcon.colcon_core.verb:Building package 'm_pubsub' with the following arguments: {'ament_cmake_args': None, 'build_base': '/home/x-optimus/robot_ws/build/m_pubsub', 'catkin_cmake_args': None, 'catkin_skip_building_tests': False, 'cmake_args': None, 'cmake_clean_cache': False, 'cmake_clean_first': False, 'cmake_force_configure': False, 'cmake_target': None, 'cmake_target_skip_unavailable': False, 'install_base': '/home/x-optimus/robot_ws/install/m_pubsub', 'merge_install': False, 'path': '/home/x-optimus/robot_ws/src/m_pubsub', 'symlink_install': True, 'test_result_base': None}
[0.534s] Level 5:colcon.colcon_core.verb:set package 'message_time' build argument 'cmake_args' from command line to 'None'
[0.534s] Level 5:colcon.colcon_core.verb:set package 'message_time' build argument 'cmake_target' from command line to 'None'
[0.534s] Level 5:colcon.colcon_core.verb:set package 'message_time' build argument 'cmake_target_skip_unavailable' from command line to 'False'
[0.534s] Level 5:colcon.colcon_core.verb:set package 'message_time' build argument 'cmake_clean_cache' from command line to 'False'
[0.534s] Level 5:colcon.colcon_core.verb:set package 'message_time' build argument 'cmake_clean_first' from command line to 'False'
[0.535s] Level 5:colcon.colcon_core.verb:set package 'message_time' build argument 'cmake_force_configure' from command line to 'False'
[0.535s] Level 5:colcon.colcon_core.verb:set package 'message_time' build argument 'ament_cmake_args' from command line to 'None'
[0.535s] Level 5:colcon.colcon_core.verb:set package 'message_time' build argument 'catkin_cmake_args' from command line to 'None'
[0.535s] Level 5:colcon.colcon_core.verb:set package 'message_time' build argument 'catkin_skip_building_tests' from command line to 'False'
[0.535s] DEBUG:colcon.colcon_core.verb:Building package 'message_time' with the following arguments: {'ament_cmake_args': None, 'build_base': '/home/x-optimus/robot_ws/build/message_time', 'catkin_cmake_args': None, 'catkin_skip_building_tests': False, 'cmake_args': None, 'cmake_clean_cache': False, 'cmake_clean_first': False, 'cmake_force_configure': False, 'cmake_target': None, 'cmake_target_skip_unavailable': False, 'install_base': '/home/x-optimus/robot_ws/install/message_time', 'merge_install': False, 'path': '/home/x-optimus/robot_ws/src/message_time', 'symlink_install': True, 'test_result_base': None}
[0.537s] INFO:colcon.colcon_core.executor:Executing jobs using 'parallel' executor
[0.548s] DEBUG:colcon.colcon_parallel_executor.executor.parallel:run_until_complete
[0.549s] INFO:colcon.colcon_ros.task.ament_python.build:Building ROS package in '/home/x-optimus/robot_ws/src/m_pubsub' with build type 'ament_python'
[0.549s] Level 1:colcon.colcon_core.shell:create_environment_hook('m_pubsub', 'ament_prefix_path')
[0.559s] INFO:colcon.colcon_core.plugin_system:Skipping extension 'colcon_core.shell.bat': Not used on non-Windows systems
[0.560s] INFO:colcon.colcon_core.shell:Creating environment hook '/home/x-optimus/robot_ws/install/m_pubsub/share/m_pubsub/hook/ament_prefix_path.ps1'
[0.561s] INFO:colcon.colcon_core.shell:Creating environment descriptor '/home/x-optimus/robot_ws/install/m_pubsub/share/m_pubsub/hook/ament_prefix_path.dsv'
[0.562s] INFO:colcon.colcon_core.shell:Creating environment hook '/home/x-optimus/robot_ws/install/m_pubsub/share/m_pubsub/hook/ament_prefix_path.sh'
[0.567s] INFO:colcon.colcon_core.shell:Skip shell extension 'powershell' for command environment: Not usable outside of PowerShell
[0.567s] DEBUG:colcon.colcon_core.shell:Skip shell extension 'dsv' for command environment
[0.579s] INFO:colcon.colcon_ros.task.ament_python.build:Building ROS package in '/home/x-optimus/robot_ws/src/message_time' with build type 'ament_python'
[0.579s] Level 1:colcon.colcon_core.shell:create_environment_hook('message_time', 'ament_prefix_path')
[0.584s] INFO:colcon.colcon_core.shell:Creating environment hook '/home/x-optimus/robot_ws/install/message_time/share/message_time/hook/ament_prefix_path.ps1'
[0.585s] INFO:colcon.colcon_core.shell:Creating environment descriptor '/home/x-optimus/robot_ws/install/message_time/share/message_time/hook/ament_prefix_path.dsv'
[0.586s] INFO:colcon.colcon_core.shell:Creating environment hook '/home/x-optimus/robot_ws/install/message_time/share/message_time/hook/ament_prefix_path.sh'
[0.590s] INFO:colcon.colcon_core.shell:Skip shell extension 'powershell' for command environment: Not usable outside of PowerShell
[0.590s] DEBUG:colcon.colcon_core.shell:Skip shell extension 'dsv' for command environment
[0.898s] INFO:colcon.colcon_core.task.python.build:Building Python package in '/home/x-optimus/robot_ws/src/m_pubsub'
[0.902s] INFO:colcon.colcon_core.shell:Skip shell extension 'powershell' for command environment: Not usable outside of PowerShell
[0.902s] DEBUG:colcon.colcon_core.shell:Skip shell extension 'dsv' for command environment
[1.215s] INFO:colcon.colcon_core.task.python.build:Building Python package in '/home/x-optimus/robot_ws/src/message_time'
[1.220s] INFO:colcon.colcon_core.shell:Skip shell extension 'powershell' for command environment: Not usable outside of PowerShell
[1.220s] DEBUG:colcon.colcon_core.shell:Skip shell extension 'dsv' for command environment
[1.775s] DEBUG:colcon.colcon_core.event_handler.log_command:Invoking command in '/home/x-optimus/robot_ws/build/m_pubsub': PYTHONPATH=/home/x-optimus/robot_ws/build/m_pubsub/prefix_override:/home/x-optimus/robot_ws/install/m_pubsub/lib/python3.8/site-packages:${PYTHONPATH} /usr/bin/python3 setup.py develop --editable --build-directory /home/x-optimus/robot_ws/build/m_pubsub/build --no-deps install_data
[1.785s] DEBUG:colcon.colcon_core.event_handler.log_command:Invoking command in '/home/x-optimus/robot_ws/build/message_time': PYTHONPATH=/home/x-optimus/robot_ws/build/message_time/prefix_override:/home/x-optimus/robot_ws/install/message_time/lib/python3.8/site-packages:${PYTHONPATH} /usr/bin/python3 setup.py develop --editable --build-directory /home/x-optimus/robot_ws/build/message_time/build --no-deps install_data
[2.373s] Level 1:colcon.colcon_core.shell:create_environment_hook('m_pubsub', 'pythonpath_develop')
[2.378s] INFO:colcon.colcon_core.shell:Creating environment hook '/home/x-optimus/robot_ws/build/m_pubsub/share/m_pubsub/hook/pythonpath_develop.ps1'
[2.379s] DEBUG:colcon.colcon_core.event_handler.log_command:Invoked command in '/home/x-optimus/robot_ws/build/m_pubsub' returned '0': PYTHONPATH=/home/x-optimus/robot_ws/build/m_pubsub/prefix_override:/home/x-optimus/robot_ws/install/m_pubsub/lib/python3.8/site-packages:${PYTHONPATH} /usr/bin/python3 setup.py develop --editable --build-directory /home/x-optimus/robot_ws/build/m_pubsub/build --no-deps install_data
[2.380s] INFO:colcon.colcon_core.shell:Creating environment descriptor '/home/x-optimus/robot_ws/build/m_pubsub/share/m_pubsub/hook/pythonpath_develop.dsv'
[2.380s] INFO:colcon.colcon_core.shell:Creating environment hook '/home/x-optimus/robot_ws/build/m_pubsub/share/m_pubsub/hook/pythonpath_develop.sh'
[2.397s] Level 1:colcon.colcon_core.environment:checking '/home/x-optimus/robot_ws/install/m_pubsub' for CMake module files
[2.398s] Level 1:colcon.colcon_core.environment:checking '/home/x-optimus/robot_ws/install/m_pubsub' for CMake config files
[2.399s] Level 1:colcon.colcon_core.environment:checking '/home/x-optimus/robot_ws/install/m_pubsub/lib'
[2.399s] Level 1:colcon.colcon_core.environment:checking '/home/x-optimus/robot_ws/install/m_pubsub/bin'
[2.399s] Level 1:colcon.colcon_core.environment:checking '/home/x-optimus/robot_ws/install/m_pubsub/lib/pkgconfig/m_pubsub.pc'
[2.399s] Level 1:colcon.colcon_core.environment:checking '/home/x-optimus/robot_ws/install/m_pubsub/lib/python3.8/site-packages'
[2.399s] Level 1:colcon.colcon_core.shell:create_environment_hook('m_pubsub', 'pythonpath')
[2.403s] INFO:colcon.colcon_core.shell:Creating environment hook '/home/x-optimus/robot_ws/install/m_pubsub/share/m_pubsub/hook/pythonpath.ps1'
[2.404s] INFO:colcon.colcon_core.shell:Creating environment descriptor '/home/x-optimus/robot_ws/install/m_pubsub/share/m_pubsub/hook/pythonpath.dsv'
[2.405s] INFO:colcon.colcon_core.shell:Creating environment hook '/home/x-optimus/robot_ws/install/m_pubsub/share/m_pubsub/hook/pythonpath.sh'
[2.406s] Level 1:colcon.colcon_core.environment:checking '/home/x-optimus/robot_ws/install/m_pubsub/bin'
[2.406s] Level 1:colcon.colcon_core.environment:create_environment_scripts_only(m_pubsub)
[2.410s] INFO:colcon.colcon_core.shell:Creating package script '/home/x-optimus/robot_ws/install/m_pubsub/share/m_pubsub/package.ps1'
[2.411s] INFO:colcon.colcon_core.shell:Creating package descriptor '/home/x-optimus/robot_ws/install/m_pubsub/share/m_pubsub/package.dsv'
[2.412s] INFO:colcon.colcon_core.shell:Creating package script '/home/x-optimus/robot_ws/install/m_pubsub/share/m_pubsub/package.sh'
[2.414s] INFO:colcon.colcon_core.shell:Creating package script '/home/x-optimus/robot_ws/install/m_pubsub/share/m_pubsub/package.bash'
[2.415s] INFO:colcon.colcon_core.shell:Creating package script '/home/x-optimus/robot_ws/install/m_pubsub/share/m_pubsub/package.zsh'
[2.416s] Level 1:colcon.colcon_core.environment:create_file_with_runtime_dependencies(/home/x-optimus/robot_ws/install/m_pubsub/share/colcon-core/packages/m_pubsub)
[2.418s] Level 1:colcon.colcon_core.shell:create_environment_hook('message_time', 'pythonpath_develop')
[2.419s] DEBUG:colcon.colcon_core.event_handler.log_command:Invoked command in '/home/x-optimus/robot_ws/build/message_time' returned '0': PYTHONPATH=/home/x-optimus/robot_ws/build/message_time/prefix_override:/home/x-optimus/robot_ws/install/message_time/lib/python3.8/site-packages:${PYTHONPATH} /usr/bin/python3 setup.py develop --editable --build-directory /home/x-optimus/robot_ws/build/message_time/build --no-deps install_data
[2.422s] INFO:colcon.colcon_core.shell:Creating environment hook '/home/x-optimus/robot_ws/build/message_time/share/message_time/hook/pythonpath_develop.ps1'
[2.423s] INFO:colcon.colcon_core.shell:Creating environment descriptor '/home/x-optimus/robot_ws/build/message_time/share/message_time/hook/pythonpath_develop.dsv'
[2.424s] INFO:colcon.colcon_core.shell:Creating environment hook '/home/x-optimus/robot_ws/build/message_time/share/message_time/hook/pythonpath_develop.sh'
[2.430s] Level 1:colcon.colcon_core.environment:checking '/home/x-optimus/robot_ws/install/message_time' for CMake module files
[2.430s] Level 1:colcon.colcon_core.environment:checking '/home/x-optimus/robot_ws/install/message_time' for CMake config files
[2.431s] Level 1:colcon.colcon_core.environment:checking '/home/x-optimus/robot_ws/install/message_time/lib'
[2.431s] Level 1:colcon.colcon_core.environment:checking '/home/x-optimus/robot_ws/install/message_time/bin'
[2.432s] Level 1:colcon.colcon_core.environment:checking '/home/x-optimus/robot_ws/install/message_time/lib/pkgconfig/message_time.pc'
[2.432s] Level 1:colcon.colcon_core.environment:checking '/home/x-optimus/robot_ws/install/message_time/lib/python3.8/site-packages'
[2.432s] Level 1:colcon.colcon_core.shell:create_environment_hook('message_time', 'pythonpath')
[2.436s] INFO:colcon.colcon_core.shell:Creating environment hook '/home/x-optimus/robot_ws/install/message_time/share/message_time/hook/pythonpath.ps1'
[2.436s] INFO:colcon.colcon_core.shell:Creating environment descriptor '/home/x-optimus/robot_ws/install/message_time/share/message_time/hook/pythonpath.dsv'
[2.437s] INFO:colcon.colcon_core.shell:Creating environment hook '/home/x-optimus/robot_ws/install/message_time/share/message_time/hook/pythonpath.sh'
[2.437s] Level 1:colcon.colcon_core.environment:checking '/home/x-optimus/robot_ws/install/message_time/bin'
[2.437s] Level 1:colcon.colcon_core.environment:create_environment_scripts_only(message_time)
[2.441s] INFO:colcon.colcon_core.shell:Creating package script '/home/x-optimus/robot_ws/install/message_time/share/message_time/package.ps1'
[2.442s] INFO:colcon.colcon_core.shell:Creating package descriptor '/home/x-optimus/robot_ws/install/message_time/share/message_time/package.dsv'
[2.442s] INFO:colcon.colcon_core.shell:Creating package script '/home/x-optimus/robot_ws/install/message_time/share/message_time/package.sh'
[2.443s] INFO:colcon.colcon_core.shell:Creating package script '/home/x-optimus/robot_ws/install/message_time/share/message_time/package.bash'
[2.444s] INFO:colcon.colcon_core.shell:Creating package script '/home/x-optimus/robot_ws/install/message_time/share/message_time/package.zsh'
[2.446s] Level 1:colcon.colcon_core.environment:create_file_with_runtime_dependencies(/home/x-optimus/robot_ws/install/message_time/share/colcon-core/packages/message_time)
[2.447s] DEBUG:colcon.colcon_parallel_executor.executor.parallel:closing loop
[2.447s] DEBUG:colcon.colcon_parallel_executor.executor.parallel:loop closed
[2.447s] DEBUG:colcon.colcon_parallel_executor.executor.parallel:run_until_complete finished with '0'
[2.447s] DEBUG:colcon.colcon_core.event_reactor:joining thread
[2.459s] INFO:colcon.colcon_core.plugin_system:Skipping extension 'colcon_notification.desktop_notification.terminal_notifier': Not used on non-Darwin systems
[2.460s] INFO:colcon.colcon_core.plugin_system:Skipping extension 'colcon_notification.desktop_notification.win32': Not used on non-Windows systems
[2.460s] INFO:colcon.colcon_notification.desktop_notification:Sending desktop notification using 'notify2'
[2.480s] DEBUG:colcon.colcon_core.event_reactor:joined thread
[2.485s] INFO:colcon.colcon_core.shell:Creating prefix script '/home/x-optimus/robot_ws/install/local_setup.ps1'
[2.487s] INFO:colcon.colcon_core.shell:Creating prefix util module '/home/x-optimus/robot_ws/install/_local_setup_util_ps1.py'
[2.489s] INFO:colcon.colcon_core.shell:Creating prefix chain script '/home/x-optimus/robot_ws/install/setup.ps1'
[2.491s] INFO:colcon.colcon_core.shell:Creating prefix script '/home/x-optimus/robot_ws/install/local_setup.sh'
[2.492s] INFO:colcon.colcon_core.shell:Creating prefix util module '/home/x-optimus/robot_ws/install/_local_setup_util_sh.py'
[2.493s] INFO:colcon.colcon_core.shell:Creating prefix chain script '/home/x-optimus/robot_ws/install/setup.sh'
[2.496s] INFO:colcon.colcon_core.shell:Creating prefix script '/home/x-optimus/robot_ws/install/local_setup.bash'
[2.497s] INFO:colcon.colcon_core.shell:Creating prefix chain script '/home/x-optimus/robot_ws/install/setup.bash'
[2.499s] INFO:colcon.colcon_core.shell:Creating prefix script '/home/x-optimus/robot_ws/install/local_setup.zsh'
[2.501s] INFO:colcon.colcon_core.shell:Creating prefix chain script '/home/x-optimus/robot_ws/install/setup.zsh'
