[1.205s] Invoking command in '/home/x-optimus/robot_ws/build/message_time': PYTHONPATH=/home/x-optimus/robot_ws/build/message_time/prefix_override:/home/x-optimus/robot_ws/install/message_time/lib/python3.8/site-packages:${PYTHONPATH} /usr/bin/python3 setup.py develop --editable --build-directory /home/x-optimus/robot_ws/build/message_time/build --no-deps install_data
[1.507s] running develop
[1.687s] running egg_info
[1.687s] creating message_time.egg-info
[1.687s] writing message_time.egg-info/PKG-INFO
[1.688s] writing dependency_links to message_time.egg-info/dependency_links.txt
[1.688s] writing entry points to message_time.egg-info/entry_points.txt
[1.688s] writing requirements to message_time.egg-info/requires.txt
[1.689s] writing top-level names to message_time.egg-info/top_level.txt
[1.691s] writing manifest file 'message_time.egg-info/SOURCES.txt'
[1.729s] reading manifest file 'message_time.egg-info/SOURCES.txt'
[1.730s] writing manifest file 'message_time.egg-info/SOURCES.txt'
[1.774s] running build_ext
[1.775s] Creating /home/x-optimus/robot_ws/install/message_time/lib/python3.8/site-packages/site.py
[1.778s] Creating /home/x-optimus/robot_ws/install/message_time/lib/python3.8/site-packages/message-time.egg-link (link to .)
[1.779s] Installing mp script to /home/x-optimus/robot_ws/install/message_time/lib/message_time
[1.779s] Installing ms script to /home/x-optimus/robot_ws/install/message_time/lib/message_time
[1.779s] Installing tp script to /home/x-optimus/robot_ws/install/message_time/lib/message_time
[1.780s] 
[1.780s] Installed /home/x-optimus/robot_ws/build/message_time
[1.781s] running install_data
[1.781s] creating /home/x-optimus/robot_ws/install/message_time/share/ament_index
[1.781s] creating /home/x-optimus/robot_ws/install/message_time/share/ament_index/resource_index
[1.781s] creating /home/x-optimus/robot_ws/install/message_time/share/ament_index/resource_index/packages
[1.782s] copying resource/message_time -> /home/x-optimus/robot_ws/install/message_time/share/ament_index/resource_index/packages
[1.782s] copying package.xml -> /home/x-optimus/robot_ws/install/message_time/share/message_time
[1.839s] Invoked command in '/home/x-optimus/robot_ws/build/message_time' returned '0': PYTHONPATH=/home/x-optimus/robot_ws/build/message_time/prefix_override:/home/x-optimus/robot_ws/install/message_time/lib/python3.8/site-packages:${PYTHONPATH} /usr/bin/python3 setup.py develop --editable --build-directory /home/x-optimus/robot_ws/build/message_time/build --no-deps install_data
