[0.317s] DEBUG:colcon:Command line arguments: ['/usr/bin/colcon', 'build', '--symlink-install']
[0.317s] DEBUG:colcon:Parsed command line arguments: Namespace(allow_overriding=[], ament_cmake_args=None, base_paths=['.'], build_base='build', catkin_cmake_args=None, catkin_skip_building_tests=False, cmake_args=None, cmake_clean_cache=False, cmake_clean_first=False, cmake_force_configure=False, cmake_target=None, cmake_target_skip_unavailable=False, continue_on_error=False, event_handlers=None, executor='parallel', ignore_user_meta=False, install_base='install', log_base=None, log_level=None, main=<bound method BuildVerb.main of <colcon_core.verb.build.BuildVerb object at 0x7f40129a2b50>>, merge_install=False, metas=['./colcon.meta'], packages_above=None, packages_above_and_dependencies=None, packages_above_depth=None, packages_end=None, packages_ignore=None, packages_ignore_regex=None, packages_select=None, packages_select_build_failed=False, packages_select_by_dep=None, packages_select_regex=None, packages_select_test_failures=False, packages_skip=None, packages_skip_build_finished=False, packages_skip_by_dep=None, packages_skip_regex=None, packages_skip_test_passed=False, packages_skip_up_to=None, packages_start=None, packages_up_to=None, packages_up_to_regex=None, parallel_workers=2, paths=None, symlink_install=True, test_result_base=None, verb_extension=<colcon_core.verb.build.BuildVerb object at 0x7f40129a2b50>, verb_name='build', verb_parser=<colcon_defaults.argument_parser.defaults.DefaultArgumentsDecorator object at 0x7f40129ae100>)
[0.369s] Level 1:colcon.colcon_core.package_discovery:discover_packages(colcon_meta) check parameters
[0.369s] Level 1:colcon.colcon_core.package_discovery:discover_packages(recursive) check parameters
[0.369s] Level 1:colcon.colcon_core.package_discovery:discover_packages(ignore) check parameters
[0.369s] Level 1:colcon.colcon_core.package_discovery:discover_packages(path) check parameters
[0.369s] Level 1:colcon.colcon_core.package_discovery:discover_packages(colcon_meta) discover
[0.369s] Level 1:colcon.colcon_core.package_discovery:discover_packages(recursive) discover
[0.369s] INFO:colcon.colcon_core.package_discovery:Crawling recursively for packages in '/home/x-optimus/robot_ws'
[0.370s] Level 1:colcon.colcon_core.package_identification:_identify(.) by extensions ['ignore', 'ignore_ament_install']
[0.370s] Level 1:colcon.colcon_core.package_identification:_identify(.) by extension 'ignore'
[0.370s] Level 1:colcon.colcon_core.package_identification:_identify(.) by extension 'ignore_ament_install'
[0.370s] Level 1:colcon.colcon_core.package_identification:_identify(.) by extensions ['colcon_pkg']
[0.370s] Level 1:colcon.colcon_core.package_identification:_identify(.) by extension 'colcon_pkg'
[0.370s] Level 1:colcon.colcon_core.package_identification:_identify(.) by extensions ['colcon_meta']
[0.370s] Level 1:colcon.colcon_core.package_identification:_identify(.) by extension 'colcon_meta'
[0.370s] Level 1:colcon.colcon_core.package_identification:_identify(.) by extensions ['ros']
[0.370s] Level 1:colcon.colcon_core.package_identification:_identify(.) by extension 'ros'
[0.395s] Level 1:colcon.colcon_core.package_identification:_identify(.) by extensions ['cmake', 'python']
[0.395s] Level 1:colcon.colcon_core.package_identification:_identify(.) by extension 'cmake'
[0.395s] Level 1:colcon.colcon_core.package_identification:_identify(.) by extension 'python'
[0.395s] Level 1:colcon.colcon_core.package_identification:_identify(.) by extensions ['python_setup_py']
[0.395s] Level 1:colcon.colcon_core.package_identification:_identify(.) by extension 'python_setup_py'
[0.396s] Level 1:colcon.colcon_core.package_identification:_identify(build) by extensions ['ignore', 'ignore_ament_install']
[0.396s] Level 1:colcon.colcon_core.package_identification:_identify(build) by extension 'ignore'
[0.396s] Level 1:colcon.colcon_core.package_identification:_identify(build) ignored
[0.396s] Level 1:colcon.colcon_core.package_identification:_identify(install) by extensions ['ignore', 'ignore_ament_install']
[0.396s] Level 1:colcon.colcon_core.package_identification:_identify(install) by extension 'ignore'
[0.396s] Level 1:colcon.colcon_core.package_identification:_identify(install) ignored
[0.396s] Level 1:colcon.colcon_core.package_identification:_identify(log) by extensions ['ignore', 'ignore_ament_install']
[0.396s] Level 1:colcon.colcon_core.package_identification:_identify(log) by extension 'ignore'
[0.397s] Level 1:colcon.colcon_core.package_identification:_identify(log) ignored
[0.397s] Level 1:colcon.colcon_core.package_identification:_identify(src) by extensions ['ignore', 'ignore_ament_install']
[0.397s] Level 1:colcon.colcon_core.package_identification:_identify(src) by extension 'ignore'
[0.397s] Level 1:colcon.colcon_core.package_identification:_identify(src) by extension 'ignore_ament_install'
[0.397s] Level 1:colcon.colcon_core.package_identification:_identify(src) by extensions ['colcon_pkg']
[0.397s] Level 1:colcon.colcon_core.package_identification:_identify(src) by extension 'colcon_pkg'
[0.397s] Level 1:colcon.colcon_core.package_identification:_identify(src) by extensions ['colcon_meta']
[0.397s] Level 1:colcon.colcon_core.package_identification:_identify(src) by extension 'colcon_meta'
[0.398s] Level 1:colcon.colcon_core.package_identification:_identify(src) by extensions ['ros']
[0.398s] Level 1:colcon.colcon_core.package_identification:_identify(src) by extension 'ros'
[0.398s] Level 1:colcon.colcon_core.package_identification:_identify(src) by extensions ['cmake', 'python']
[0.398s] Level 1:colcon.colcon_core.package_identification:_identify(src) by extension 'cmake'
[0.398s] Level 1:colcon.colcon_core.package_identification:_identify(src) by extension 'python'
[0.398s] Level 1:colcon.colcon_core.package_identification:_identify(src) by extensions ['python_setup_py']
[0.398s] Level 1:colcon.colcon_core.package_identification:_identify(src) by extension 'python_setup_py'
[0.398s] Level 1:colcon.colcon_core.package_identification:_identify(src/m_pubsub) by extensions ['ignore', 'ignore_ament_install']
[0.399s] Level 1:colcon.colcon_core.package_identification:_identify(src/m_pubsub) by extension 'ignore'
[0.399s] Level 1:colcon.colcon_core.package_identification:_identify(src/m_pubsub) by extension 'ignore_ament_install'
[0.399s] Level 1:colcon.colcon_core.package_identification:_identify(src/m_pubsub) by extensions ['colcon_pkg']
[0.399s] Level 1:colcon.colcon_core.package_identification:_identify(src/m_pubsub) by extension 'colcon_pkg'
[0.399s] Level 1:colcon.colcon_core.package_identification:_identify(src/m_pubsub) by extensions ['colcon_meta']
[0.399s] Level 1:colcon.colcon_core.package_identification:_identify(src/m_pubsub) by extension 'colcon_meta'
[0.399s] Level 1:colcon.colcon_core.package_identification:_identify(src/m_pubsub) by extensions ['ros']
[0.399s] Level 1:colcon.colcon_core.package_identification:_identify(src/m_pubsub) by extension 'ros'
[0.403s] DEBUG:colcon.colcon_core.package_identification:Package 'src/m_pubsub' with type 'ros.ament_python' and name 'm_pubsub'
[0.404s] Level 1:colcon.colcon_core.package_identification:_identify(src/message_time) by extensions ['ignore', 'ignore_ament_install']
[0.404s] Level 1:colcon.colcon_core.package_identification:_identify(src/message_time) by extension 'ignore'
[0.404s] Level 1:colcon.colcon_core.package_identification:_identify(src/message_time) by extension 'ignore_ament_install'
[0.404s] Level 1:colcon.colcon_core.package_identification:_identify(src/message_time) by extensions ['colcon_pkg']
[0.404s] Level 1:colcon.colcon_core.package_identification:_identify(src/message_time) by extension 'colcon_pkg'
[0.404s] Level 1:colcon.colcon_core.package_identification:_identify(src/message_time) by extensions ['colcon_meta']
[0.404s] Level 1:colcon.colcon_core.package_identification:_identify(src/message_time) by extension 'colcon_meta'
[0.404s] Level 1:colcon.colcon_core.package_identification:_identify(src/message_time) by extensions ['ros']
[0.405s] Level 1:colcon.colcon_core.package_identification:_identify(src/message_time) by extension 'ros'
[0.405s] DEBUG:colcon.colcon_core.package_identification:Package 'src/message_time' with type 'ros.ament_python' and name 'message_time'
[0.405s] Level 1:colcon.colcon_core.package_identification:_identify(src/move_turtle_pkg) by extensions ['ignore', 'ignore_ament_install']
[0.406s] Level 1:colcon.colcon_core.package_identification:_identify(src/move_turtle_pkg) by extension 'ignore'
[0.406s] Level 1:colcon.colcon_core.package_identification:_identify(src/move_turtle_pkg) by extension 'ignore_ament_install'
[0.406s] Level 1:colcon.colcon_core.package_identification:_identify(src/move_turtle_pkg) by extensions ['colcon_pkg']
[0.406s] Level 1:colcon.colcon_core.package_identification:_identify(src/move_turtle_pkg) by extension 'colcon_pkg'
[0.406s] Level 1:colcon.colcon_core.package_identification:_identify(src/move_turtle_pkg) by extensions ['colcon_meta']
[0.406s] Level 1:colcon.colcon_core.package_identification:_identify(src/move_turtle_pkg) by extension 'colcon_meta'
[0.406s] Level 1:colcon.colcon_core.package_identification:_identify(src/move_turtle_pkg) by extensions ['ros']
[0.406s] Level 1:colcon.colcon_core.package_identification:_identify(src/move_turtle_pkg) by extension 'ros'
[0.407s] DEBUG:colcon.colcon_core.package_identification:Package 'src/move_turtle_pkg' with type 'ros.ament_python' and name 'move_turtle_pkg'
[0.407s] Level 1:colcon.colcon_core.package_discovery:discover_packages(recursive) using defaults
[0.407s] Level 1:colcon.colcon_core.package_discovery:discover_packages(ignore) discover
[0.407s] Level 1:colcon.colcon_core.package_discovery:discover_packages(ignore) using defaults
[0.407s] Level 1:colcon.colcon_core.package_discovery:discover_packages(path) discover
[0.407s] Level 1:colcon.colcon_core.package_discovery:discover_packages(path) using defaults
[0.449s] Level 1:colcon.colcon_core.package_discovery:discover_packages(prefix_path) check parameters
[0.449s] Level 1:colcon.colcon_core.package_discovery:discover_packages(prefix_path) discover
[0.456s] DEBUG:colcon.colcon_installed_package_information.package_discovery:Found 2 installed packages in /home/x-optimus/robot_ws/install
[0.459s] DEBUG:colcon.colcon_installed_package_information.package_discovery:Found 258 installed packages in /opt/ros/foxy
[0.461s] Level 1:colcon.colcon_core.package_discovery:discover_packages(prefix_path) using defaults
[0.600s] Level 5:colcon.colcon_core.verb:set package 'm_pubsub' build argument 'cmake_args' from command line to 'None'
[0.600s] Level 5:colcon.colcon_core.verb:set package 'm_pubsub' build argument 'cmake_target' from command line to 'None'
[0.600s] Level 5:colcon.colcon_core.verb:set package 'm_pubsub' build argument 'cmake_target_skip_unavailable' from command line to 'False'
[0.600s] Level 5:colcon.colcon_core.verb:set package 'm_pubsub' build argument 'cmake_clean_cache' from command line to 'False'
[0.600s] Level 5:colcon.colcon_core.verb:set package 'm_pubsub' build argument 'cmake_clean_first' from command line to 'False'
[0.600s] Level 5:colcon.colcon_core.verb:set package 'm_pubsub' build argument 'cmake_force_configure' from command line to 'False'
[0.600s] Level 5:colcon.colcon_core.verb:set package 'm_pubsub' build argument 'ament_cmake_args' from command line to 'None'
[0.600s] Level 5:colcon.colcon_core.verb:set package 'm_pubsub' build argument 'catkin_cmake_args' from command line to 'None'
[0.600s] Level 5:colcon.colcon_core.verb:set package 'm_pubsub' build argument 'catkin_skip_building_tests' from command line to 'False'
[0.601s] DEBUG:colcon.colcon_core.verb:Building package 'm_pubsub' with the following arguments: {'ament_cmake_args': None, 'build_base': '/home/x-optimus/robot_ws/build/m_pubsub', 'catkin_cmake_args': None, 'catkin_skip_building_tests': False, 'cmake_args': None, 'cmake_clean_cache': False, 'cmake_clean_first': False, 'cmake_force_configure': False, 'cmake_target': None, 'cmake_target_skip_unavailable': False, 'install_base': '/home/x-optimus/robot_ws/install/m_pubsub', 'merge_install': False, 'path': '/home/x-optimus/robot_ws/src/m_pubsub', 'symlink_install': True, 'test_result_base': None}
[0.603s] Level 5:colcon.colcon_core.verb:set package 'message_time' build argument 'cmake_args' from command line to 'None'
[0.603s] Level 5:colcon.colcon_core.verb:set package 'message_time' build argument 'cmake_target' from command line to 'None'
[0.603s] Level 5:colcon.colcon_core.verb:set package 'message_time' build argument 'cmake_target_skip_unavailable' from command line to 'False'
[0.603s] Level 5:colcon.colcon_core.verb:set package 'message_time' build argument 'cmake_clean_cache' from command line to 'False'
[0.603s] Level 5:colcon.colcon_core.verb:set package 'message_time' build argument 'cmake_clean_first' from command line to 'False'
[0.603s] Level 5:colcon.colcon_core.verb:set package 'message_time' build argument 'cmake_force_configure' from command line to 'False'
[0.603s] Level 5:colcon.colcon_core.verb:set package 'message_time' build argument 'ament_cmake_args' from command line to 'None'
[0.603s] Level 5:colcon.colcon_core.verb:set package 'message_time' build argument 'catkin_cmake_args' from command line to 'None'
[0.603s] Level 5:colcon.colcon_core.verb:set package 'message_time' build argument 'catkin_skip_building_tests' from command line to 'False'
[0.603s] DEBUG:colcon.colcon_core.verb:Building package 'message_time' with the following arguments: {'ament_cmake_args': None, 'build_base': '/home/x-optimus/robot_ws/build/message_time', 'catkin_cmake_args': None, 'catkin_skip_building_tests': False, 'cmake_args': None, 'cmake_clean_cache': False, 'cmake_clean_first': False, 'cmake_force_configure': False, 'cmake_target': None, 'cmake_target_skip_unavailable': False, 'install_base': '/home/x-optimus/robot_ws/install/message_time', 'merge_install': False, 'path': '/home/x-optimus/robot_ws/src/message_time', 'symlink_install': True, 'test_result_base': None}
[0.605s] Level 5:colcon.colcon_core.verb:set package 'move_turtle_pkg' build argument 'cmake_args' from command line to 'None'
[0.605s] Level 5:colcon.colcon_core.verb:set package 'move_turtle_pkg' build argument 'cmake_target' from command line to 'None'
[0.605s] Level 5:colcon.colcon_core.verb:set package 'move_turtle_pkg' build argument 'cmake_target_skip_unavailable' from command line to 'False'
[0.606s] Level 5:colcon.colcon_core.verb:set package 'move_turtle_pkg' build argument 'cmake_clean_cache' from command line to 'False'
[0.606s] Level 5:colcon.colcon_core.verb:set package 'move_turtle_pkg' build argument 'cmake_clean_first' from command line to 'False'
[0.606s] Level 5:colcon.colcon_core.verb:set package 'move_turtle_pkg' build argument 'cmake_force_configure' from command line to 'False'
[0.606s] Level 5:colcon.colcon_core.verb:set package 'move_turtle_pkg' build argument 'ament_cmake_args' from command line to 'None'
[0.606s] Level 5:colcon.colcon_core.verb:set package 'move_turtle_pkg' build argument 'catkin_cmake_args' from command line to 'None'
[0.606s] Level 5:colcon.colcon_core.verb:set package 'move_turtle_pkg' build argument 'catkin_skip_building_tests' from command line to 'False'
[0.606s] DEBUG:colcon.colcon_core.verb:Building package 'move_turtle_pkg' with the following arguments: {'ament_cmake_args': None, 'build_base': '/home/x-optimus/robot_ws/build/move_turtle_pkg', 'catkin_cmake_args': None, 'catkin_skip_building_tests': False, 'cmake_args': None, 'cmake_clean_cache': False, 'cmake_clean_first': False, 'cmake_force_configure': False, 'cmake_target': None, 'cmake_target_skip_unavailable': False, 'install_base': '/home/x-optimus/robot_ws/install/move_turtle_pkg', 'merge_install': False, 'path': '/home/x-optimus/robot_ws/src/move_turtle_pkg', 'symlink_install': True, 'test_result_base': None}
[0.608s] INFO:colcon.colcon_core.executor:Executing jobs using 'parallel' executor
[0.621s] DEBUG:colcon.colcon_parallel_executor.executor.parallel:run_until_complete
[0.622s] INFO:colcon.colcon_ros.task.ament_python.build:Building ROS package in '/home/x-optimus/robot_ws/src/m_pubsub' with build type 'ament_python'
[0.622s] Level 1:colcon.colcon_core.shell:create_environment_hook('m_pubsub', 'ament_prefix_path')
[0.634s] INFO:colcon.colcon_core.plugin_system:Skipping extension 'colcon_core.shell.bat': Not used on non-Windows systems
[0.634s] INFO:colcon.colcon_core.shell:Creating environment hook '/home/x-optimus/robot_ws/install/m_pubsub/share/m_pubsub/hook/ament_prefix_path.ps1'
[0.636s] INFO:colcon.colcon_core.shell:Creating environment descriptor '/home/x-optimus/robot_ws/install/m_pubsub/share/m_pubsub/hook/ament_prefix_path.dsv'
[0.637s] INFO:colcon.colcon_core.shell:Creating environment hook '/home/x-optimus/robot_ws/install/m_pubsub/share/m_pubsub/hook/ament_prefix_path.sh'
[0.643s] INFO:colcon.colcon_core.shell:Skip shell extension 'powershell' for command environment: Not usable outside of PowerShell
[0.643s] DEBUG:colcon.colcon_core.shell:Skip shell extension 'dsv' for command environment
[0.656s] INFO:colcon.colcon_ros.task.ament_python.build:Building ROS package in '/home/x-optimus/robot_ws/src/message_time' with build type 'ament_python'
[0.657s] Level 1:colcon.colcon_core.shell:create_environment_hook('message_time', 'ament_prefix_path')
[0.662s] INFO:colcon.colcon_core.shell:Creating environment hook '/home/x-optimus/robot_ws/install/message_time/share/message_time/hook/ament_prefix_path.ps1'
[0.663s] INFO:colcon.colcon_core.shell:Creating environment descriptor '/home/x-optimus/robot_ws/install/message_time/share/message_time/hook/ament_prefix_path.dsv'
[0.664s] INFO:colcon.colcon_core.shell:Creating environment hook '/home/x-optimus/robot_ws/install/message_time/share/message_time/hook/ament_prefix_path.sh'
[0.669s] INFO:colcon.colcon_core.shell:Skip shell extension 'powershell' for command environment: Not usable outside of PowerShell
[0.669s] DEBUG:colcon.colcon_core.shell:Skip shell extension 'dsv' for command environment
[0.995s] INFO:colcon.colcon_core.task.python.build:Building Python package in '/home/x-optimus/robot_ws/src/m_pubsub'
[1.000s] INFO:colcon.colcon_core.shell:Skip shell extension 'powershell' for command environment: Not usable outside of PowerShell
[1.000s] DEBUG:colcon.colcon_core.shell:Skip shell extension 'dsv' for command environment
[1.311s] INFO:colcon.colcon_core.task.python.build:Building Python package in '/home/x-optimus/robot_ws/src/message_time'
[1.315s] INFO:colcon.colcon_core.shell:Skip shell extension 'powershell' for command environment: Not usable outside of PowerShell
[1.315s] DEBUG:colcon.colcon_core.shell:Skip shell extension 'dsv' for command environment
[1.911s] DEBUG:colcon.colcon_core.event_handler.log_command:Invoking command in '/home/x-optimus/robot_ws/build/m_pubsub': PYTHONPATH=/home/x-optimus/robot_ws/build/m_pubsub/prefix_override:/home/x-optimus/robot_ws/install/m_pubsub/lib/python3.8/site-packages:${PYTHONPATH} /usr/bin/python3 setup.py develop --editable --build-directory /home/x-optimus/robot_ws/build/m_pubsub/build --no-deps install_data
[1.923s] DEBUG:colcon.colcon_core.event_handler.log_command:Invoking command in '/home/x-optimus/robot_ws/build/message_time': PYTHONPATH=/home/x-optimus/robot_ws/build/message_time/prefix_override:/home/x-optimus/robot_ws/install/message_time/lib/python3.8/site-packages:${PYTHONPATH} /usr/bin/python3 setup.py develop --editable --build-directory /home/x-optimus/robot_ws/build/message_time/build --no-deps install_data
[2.571s] Level 1:colcon.colcon_core.shell:create_environment_hook('m_pubsub', 'pythonpath_develop')
[2.575s] INFO:colcon.colcon_core.shell:Creating environment hook '/home/x-optimus/robot_ws/build/m_pubsub/share/m_pubsub/hook/pythonpath_develop.ps1'
[2.575s] DEBUG:colcon.colcon_core.event_handler.log_command:Invoked command in '/home/x-optimus/robot_ws/build/m_pubsub' returned '0': PYTHONPATH=/home/x-optimus/robot_ws/build/m_pubsub/prefix_override:/home/x-optimus/robot_ws/install/m_pubsub/lib/python3.8/site-packages:${PYTHONPATH} /usr/bin/python3 setup.py develop --editable --build-directory /home/x-optimus/robot_ws/build/m_pubsub/build --no-deps install_data
[2.576s] INFO:colcon.colcon_core.shell:Creating environment descriptor '/home/x-optimus/robot_ws/build/m_pubsub/share/m_pubsub/hook/pythonpath_develop.dsv'
[2.577s] INFO:colcon.colcon_core.shell:Creating environment hook '/home/x-optimus/robot_ws/build/m_pubsub/share/m_pubsub/hook/pythonpath_develop.sh'
[2.593s] Level 1:colcon.colcon_core.environment:checking '/home/x-optimus/robot_ws/install/m_pubsub' for CMake module files
[2.594s] Level 1:colcon.colcon_core.environment:checking '/home/x-optimus/robot_ws/install/m_pubsub' for CMake config files
[2.594s] Level 1:colcon.colcon_core.environment:checking '/home/x-optimus/robot_ws/install/m_pubsub/lib'
[2.595s] Level 1:colcon.colcon_core.environment:checking '/home/x-optimus/robot_ws/install/m_pubsub/bin'
[2.595s] Level 1:colcon.colcon_core.environment:checking '/home/x-optimus/robot_ws/install/m_pubsub/lib/pkgconfig/m_pubsub.pc'
[2.595s] Level 1:colcon.colcon_core.environment:checking '/home/x-optimus/robot_ws/install/m_pubsub/lib/python3.8/site-packages'
[2.595s] Level 1:colcon.colcon_core.shell:create_environment_hook('m_pubsub', 'pythonpath')
[2.599s] INFO:colcon.colcon_core.shell:Creating environment hook '/home/x-optimus/robot_ws/install/m_pubsub/share/m_pubsub/hook/pythonpath.ps1'
[2.600s] INFO:colcon.colcon_core.shell:Creating environment descriptor '/home/x-optimus/robot_ws/install/m_pubsub/share/m_pubsub/hook/pythonpath.dsv'
[2.601s] INFO:colcon.colcon_core.shell:Creating environment hook '/home/x-optimus/robot_ws/install/m_pubsub/share/m_pubsub/hook/pythonpath.sh'
[2.602s] Level 1:colcon.colcon_core.environment:checking '/home/x-optimus/robot_ws/install/m_pubsub/bin'
[2.602s] Level 1:colcon.colcon_core.environment:create_environment_scripts_only(m_pubsub)
[2.605s] INFO:colcon.colcon_core.shell:Creating package script '/home/x-optimus/robot_ws/install/m_pubsub/share/m_pubsub/package.ps1'
[2.607s] INFO:colcon.colcon_core.shell:Creating package descriptor '/home/x-optimus/robot_ws/install/m_pubsub/share/m_pubsub/package.dsv'
[2.608s] INFO:colcon.colcon_core.shell:Creating package script '/home/x-optimus/robot_ws/install/m_pubsub/share/m_pubsub/package.sh'
[2.610s] INFO:colcon.colcon_core.shell:Creating package script '/home/x-optimus/robot_ws/install/m_pubsub/share/m_pubsub/package.bash'
[2.611s] INFO:colcon.colcon_core.shell:Creating package script '/home/x-optimus/robot_ws/install/m_pubsub/share/m_pubsub/package.zsh'
[2.613s] Level 1:colcon.colcon_core.environment:create_file_with_runtime_dependencies(/home/x-optimus/robot_ws/install/m_pubsub/share/colcon-core/packages/m_pubsub)
[2.615s] INFO:colcon.colcon_ros.task.ament_python.build:Building ROS package in '/home/x-optimus/robot_ws/src/move_turtle_pkg' with build type 'ament_python'
[2.615s] Level 1:colcon.colcon_core.shell:create_environment_hook('move_turtle_pkg', 'ament_prefix_path')
[2.619s] INFO:colcon.colcon_core.shell:Creating environment hook '/home/x-optimus/robot_ws/install/move_turtle_pkg/share/move_turtle_pkg/hook/ament_prefix_path.ps1'
[2.620s] INFO:colcon.colcon_core.shell:Creating environment descriptor '/home/x-optimus/robot_ws/install/move_turtle_pkg/share/move_turtle_pkg/hook/ament_prefix_path.dsv'
[2.620s] INFO:colcon.colcon_core.shell:Creating environment hook '/home/x-optimus/robot_ws/install/move_turtle_pkg/share/move_turtle_pkg/hook/ament_prefix_path.sh'
[2.624s] INFO:colcon.colcon_core.shell:Skip shell extension 'powershell' for command environment: Not usable outside of PowerShell
[2.624s] DEBUG:colcon.colcon_core.shell:Skip shell extension 'dsv' for command environment
[2.648s] Level 1:colcon.colcon_core.shell:create_environment_hook('message_time', 'pythonpath_develop')
[2.652s] INFO:colcon.colcon_core.shell:Creating environment hook '/home/x-optimus/robot_ws/build/message_time/share/message_time/hook/pythonpath_develop.ps1'
[2.654s] DEBUG:colcon.colcon_core.event_handler.log_command:Invoked command in '/home/x-optimus/robot_ws/build/message_time' returned '0': PYTHONPATH=/home/x-optimus/robot_ws/build/message_time/prefix_override:/home/x-optimus/robot_ws/install/message_time/lib/python3.8/site-packages:${PYTHONPATH} /usr/bin/python3 setup.py develop --editable --build-directory /home/x-optimus/robot_ws/build/message_time/build --no-deps install_data
[2.654s] INFO:colcon.colcon_core.shell:Creating environment descriptor '/home/x-optimus/robot_ws/build/message_time/share/message_time/hook/pythonpath_develop.dsv'
[2.655s] INFO:colcon.colcon_core.shell:Creating environment hook '/home/x-optimus/robot_ws/build/message_time/share/message_time/hook/pythonpath_develop.sh'
[2.661s] Level 1:colcon.colcon_core.environment:checking '/home/x-optimus/robot_ws/install/message_time' for CMake module files
[2.664s] Level 1:colcon.colcon_core.environment:checking '/home/x-optimus/robot_ws/install/message_time' for CMake config files
[2.665s] Level 1:colcon.colcon_core.environment:checking '/home/x-optimus/robot_ws/install/message_time/lib'
[2.665s] Level 1:colcon.colcon_core.environment:checking '/home/x-optimus/robot_ws/install/message_time/bin'
[2.665s] Level 1:colcon.colcon_core.environment:checking '/home/x-optimus/robot_ws/install/message_time/lib/pkgconfig/message_time.pc'
[2.665s] Level 1:colcon.colcon_core.environment:checking '/home/x-optimus/robot_ws/install/message_time/lib/python3.8/site-packages'
[2.665s] Level 1:colcon.colcon_core.shell:create_environment_hook('message_time', 'pythonpath')
[2.670s] INFO:colcon.colcon_core.shell:Creating environment hook '/home/x-optimus/robot_ws/install/message_time/share/message_time/hook/pythonpath.ps1'
[2.670s] INFO:colcon.colcon_core.shell:Creating environment descriptor '/home/x-optimus/robot_ws/install/message_time/share/message_time/hook/pythonpath.dsv'
[2.671s] INFO:colcon.colcon_core.shell:Creating environment hook '/home/x-optimus/robot_ws/install/message_time/share/message_time/hook/pythonpath.sh'
[2.672s] Level 1:colcon.colcon_core.environment:checking '/home/x-optimus/robot_ws/install/message_time/bin'
[2.672s] Level 1:colcon.colcon_core.environment:create_environment_scripts_only(message_time)
[2.676s] INFO:colcon.colcon_core.shell:Creating package script '/home/x-optimus/robot_ws/install/message_time/share/message_time/package.ps1'
[2.677s] INFO:colcon.colcon_core.shell:Creating package descriptor '/home/x-optimus/robot_ws/install/message_time/share/message_time/package.dsv'
[2.678s] INFO:colcon.colcon_core.shell:Creating package script '/home/x-optimus/robot_ws/install/message_time/share/message_time/package.sh'
[2.678s] INFO:colcon.colcon_core.shell:Creating package script '/home/x-optimus/robot_ws/install/message_time/share/message_time/package.bash'
[2.679s] INFO:colcon.colcon_core.shell:Creating package script '/home/x-optimus/robot_ws/install/message_time/share/message_time/package.zsh'
[2.680s] Level 1:colcon.colcon_core.environment:create_file_with_runtime_dependencies(/home/x-optimus/robot_ws/install/message_time/share/colcon-core/packages/message_time)
[2.986s] INFO:colcon.colcon_core.task.python.build:Building Python package in '/home/x-optimus/robot_ws/src/move_turtle_pkg'
[2.992s] INFO:colcon.colcon_core.shell:Skip shell extension 'powershell' for command environment: Not usable outside of PowerShell
[2.993s] DEBUG:colcon.colcon_core.shell:Skip shell extension 'dsv' for command environment
[3.510s] DEBUG:colcon.colcon_core.event_handler.log_command:Invoking command in '/home/x-optimus/robot_ws/build/move_turtle_pkg': PYTHONPATH=/home/x-optimus/robot_ws/build/move_turtle_pkg/prefix_override:/home/x-optimus/robot_ws/install/move_turtle_pkg/lib/python3.8/site-packages:${PYTHONPATH} /usr/bin/python3 setup.py develop --editable --build-directory /home/x-optimus/robot_ws/build/move_turtle_pkg/build --no-deps install_data
[4.107s] Level 1:colcon.colcon_core.shell:create_environment_hook('move_turtle_pkg', 'pythonpath_develop')
[4.111s] INFO:colcon.colcon_core.shell:Creating environment hook '/home/x-optimus/robot_ws/build/move_turtle_pkg/share/move_turtle_pkg/hook/pythonpath_develop.ps1'
[4.112s] DEBUG:colcon.colcon_core.event_handler.log_command:Invoked command in '/home/x-optimus/robot_ws/build/move_turtle_pkg' returned '0': PYTHONPATH=/home/x-optimus/robot_ws/build/move_turtle_pkg/prefix_override:/home/x-optimus/robot_ws/install/move_turtle_pkg/lib/python3.8/site-packages:${PYTHONPATH} /usr/bin/python3 setup.py develop --editable --build-directory /home/x-optimus/robot_ws/build/move_turtle_pkg/build --no-deps install_data
[4.113s] INFO:colcon.colcon_core.shell:Creating environment descriptor '/home/x-optimus/robot_ws/build/move_turtle_pkg/share/move_turtle_pkg/hook/pythonpath_develop.dsv'
[4.113s] INFO:colcon.colcon_core.shell:Creating environment hook '/home/x-optimus/robot_ws/build/move_turtle_pkg/share/move_turtle_pkg/hook/pythonpath_develop.sh'
[4.119s] Level 1:colcon.colcon_core.environment:checking '/home/x-optimus/robot_ws/install/move_turtle_pkg' for CMake module files
[4.119s] Level 1:colcon.colcon_core.environment:checking '/home/x-optimus/robot_ws/install/move_turtle_pkg' for CMake config files
[4.120s] Level 1:colcon.colcon_core.environment:checking '/home/x-optimus/robot_ws/install/move_turtle_pkg/lib'
[4.120s] Level 1:colcon.colcon_core.environment:checking '/home/x-optimus/robot_ws/install/move_turtle_pkg/bin'
[4.121s] Level 1:colcon.colcon_core.environment:checking '/home/x-optimus/robot_ws/install/move_turtle_pkg/lib/pkgconfig/move_turtle_pkg.pc'
[4.121s] Level 1:colcon.colcon_core.environment:checking '/home/x-optimus/robot_ws/install/move_turtle_pkg/lib/python3.8/site-packages'
[4.121s] Level 1:colcon.colcon_core.shell:create_environment_hook('move_turtle_pkg', 'pythonpath')
[4.125s] INFO:colcon.colcon_core.shell:Creating environment hook '/home/x-optimus/robot_ws/install/move_turtle_pkg/share/move_turtle_pkg/hook/pythonpath.ps1'
[4.126s] INFO:colcon.colcon_core.shell:Creating environment descriptor '/home/x-optimus/robot_ws/install/move_turtle_pkg/share/move_turtle_pkg/hook/pythonpath.dsv'
[4.126s] INFO:colcon.colcon_core.shell:Creating environment hook '/home/x-optimus/robot_ws/install/move_turtle_pkg/share/move_turtle_pkg/hook/pythonpath.sh'
[4.127s] Level 1:colcon.colcon_core.environment:checking '/home/x-optimus/robot_ws/install/move_turtle_pkg/bin'
[4.127s] Level 1:colcon.colcon_core.environment:create_environment_scripts_only(move_turtle_pkg)
[4.131s] INFO:colcon.colcon_core.shell:Creating package script '/home/x-optimus/robot_ws/install/move_turtle_pkg/share/move_turtle_pkg/package.ps1'
[4.132s] INFO:colcon.colcon_core.shell:Creating package descriptor '/home/x-optimus/robot_ws/install/move_turtle_pkg/share/move_turtle_pkg/package.dsv'
[4.132s] INFO:colcon.colcon_core.shell:Creating package script '/home/x-optimus/robot_ws/install/move_turtle_pkg/share/move_turtle_pkg/package.sh'
[4.133s] INFO:colcon.colcon_core.shell:Creating package script '/home/x-optimus/robot_ws/install/move_turtle_pkg/share/move_turtle_pkg/package.bash'
[4.134s] INFO:colcon.colcon_core.shell:Creating package script '/home/x-optimus/robot_ws/install/move_turtle_pkg/share/move_turtle_pkg/package.zsh'
[4.134s] Level 1:colcon.colcon_core.environment:create_file_with_runtime_dependencies(/home/x-optimus/robot_ws/install/move_turtle_pkg/share/colcon-core/packages/move_turtle_pkg)
[4.135s] DEBUG:colcon.colcon_parallel_executor.executor.parallel:closing loop
[4.135s] DEBUG:colcon.colcon_parallel_executor.executor.parallel:loop closed
[4.135s] DEBUG:colcon.colcon_parallel_executor.executor.parallel:run_until_complete finished with '0'
[4.135s] DEBUG:colcon.colcon_core.event_reactor:joining thread
[4.149s] INFO:colcon.colcon_core.plugin_system:Skipping extension 'colcon_notification.desktop_notification.terminal_notifier': Not used on non-Darwin systems
[4.149s] INFO:colcon.colcon_core.plugin_system:Skipping extension 'colcon_notification.desktop_notification.win32': Not used on non-Windows systems
[4.149s] INFO:colcon.colcon_notification.desktop_notification:Sending desktop notification using 'notify2'
[4.173s] DEBUG:colcon.colcon_core.event_reactor:joined thread
[4.177s] INFO:colcon.colcon_core.shell:Creating prefix script '/home/x-optimus/robot_ws/install/local_setup.ps1'
[4.179s] INFO:colcon.colcon_core.shell:Creating prefix util module '/home/x-optimus/robot_ws/install/_local_setup_util_ps1.py'
[4.181s] INFO:colcon.colcon_core.shell:Creating prefix chain script '/home/x-optimus/robot_ws/install/setup.ps1'
[4.184s] INFO:colcon.colcon_core.shell:Creating prefix script '/home/x-optimus/robot_ws/install/local_setup.sh'
[4.185s] INFO:colcon.colcon_core.shell:Creating prefix util module '/home/x-optimus/robot_ws/install/_local_setup_util_sh.py'
[4.186s] INFO:colcon.colcon_core.shell:Creating prefix chain script '/home/x-optimus/robot_ws/install/setup.sh'
[4.188s] INFO:colcon.colcon_core.shell:Creating prefix script '/home/x-optimus/robot_ws/install/local_setup.bash'
[4.189s] INFO:colcon.colcon_core.shell:Creating prefix chain script '/home/x-optimus/robot_ws/install/setup.bash'
[4.197s] INFO:colcon.colcon_core.shell:Creating prefix script '/home/x-optimus/robot_ws/install/local_setup.zsh'
[4.198s] INFO:colcon.colcon_core.shell:Creating prefix chain script '/home/x-optimus/robot_ws/install/setup.zsh'
