[0.895s] Invoking command in '/home/x-optimus/robot_ws/build/move_turtle_pkg': PYTHONPATH=/home/x-optimus/robot_ws/build/move_turtle_pkg/prefix_override:/home/x-optimus/robot_ws/install/move_turtle_pkg/lib/python3.8/site-packages:${PYTHONPATH} /usr/bin/python3 setup.py develop --editable --build-directory /home/x-optimus/robot_ws/build/move_turtle_pkg/build --no-deps install_data
[1.194s] running develop
[1.370s] running egg_info
[1.371s] creating move_turtle_pkg.egg-info
[1.371s] writing move_turtle_pkg.egg-info/PKG-INFO
[1.372s] writing dependency_links to move_turtle_pkg.egg-info/dependency_links.txt
[1.372s] writing entry points to move_turtle_pkg.egg-info/entry_points.txt
[1.373s] writing requirements to move_turtle_pkg.egg-info/requires.txt
[1.373s] writing top-level names to move_turtle_pkg.egg-info/top_level.txt
[1.375s] writing manifest file 'move_turtle_pkg.egg-info/SOURCES.txt'
[1.414s] reading manifest file 'move_turtle_pkg.egg-info/SOURCES.txt'
[1.415s] writing manifest file 'move_turtle_pkg.egg-info/SOURCES.txt'
[1.458s] running build_ext
[1.458s] Creating /home/x-optimus/robot_ws/install/move_turtle_pkg/lib/python3.8/site-packages/site.py
[1.461s] Creating /home/x-optimus/robot_ws/install/move_turtle_pkg/lib/python3.8/site-packages/move-turtle-pkg.egg-link (link to .)
[1.462s] Installing mt script to /home/x-optimus/robot_ws/install/move_turtle_pkg/lib/move_turtle_pkg
[1.463s] 
[1.464s] Installed /home/x-optimus/robot_ws/build/move_turtle_pkg
[1.465s] running install_data
[1.465s] creating /home/x-optimus/robot_ws/install/move_turtle_pkg/share/ament_index
[1.465s] creating /home/x-optimus/robot_ws/install/move_turtle_pkg/share/ament_index/resource_index
[1.466s] creating /home/x-optimus/robot_ws/install/move_turtle_pkg/share/ament_index/resource_index/packages
[1.467s] copying resource/move_turtle_pkg -> /home/x-optimus/robot_ws/install/move_turtle_pkg/share/ament_index/resource_index/packages
[1.467s] copying package.xml -> /home/x-optimus/robot_ws/install/move_turtle_pkg/share/move_turtle_pkg
[1.497s] Invoked command in '/home/x-optimus/robot_ws/build/move_turtle_pkg' returned '0': PYTHONPATH=/home/x-optimus/robot_ws/build/move_turtle_pkg/prefix_override:/home/x-optimus/robot_ws/install/move_turtle_pkg/lib/python3.8/site-packages:${PYTHONPATH} /usr/bin/python3 setup.py develop --editable --build-directory /home/x-optimus/robot_ws/build/move_turtle_pkg/build --no-deps install_data
